python3: can't open file 'manage.py': [Errno 2] No such file or directory
Exception ignored in: <module 'threading' from '/usr/lib/python3.6/threading.py'>
Traceback (most recent call last):
  File "/usr/lib/python3.6/threading.py", line 1294, in _shutdown
    t.join()
  File "/usr/lib/python3.6/threading.py", line 1056, in join
    self._wait_for_tstate_lock()
  File "/usr/lib/python3.6/threading.py", line 1072, in _wait_for_tstate_lock
    elif lock.acquire(block, timeout):
KeyboardInterrupt
0.0.0.0
('120.203.25.246', 49153)
512
1024
2048
3072
3584
4096
4608
5120
992
1504
2016
3040
3552
4064
4576
5088
5600
536
1560
2072
2584
3096
4120
5144
1326
2350
3374
3886
4398
4910
5422
6446
1949
2461
2973
3485
3997
4509
5021
5533
6045
7069
7581
892
1404
1916
2428
2940
3452
3964
4476
4988
5500
6012
6524
7036
8060
1828
2852
3876
4388
4900
5924
1372
2396
2908
3420
4444
5468
1659
2683
3195
3707
4731
5243
5755
1471
2495
3519
4543
5055
5567
6079
6591
7615
1110
1622
2646
3158
3670
4694
5718
6230
6742
1516
2540
3564
4076
4588
5612
6124
753
1777
2801
3825
4849
5873
1662
2686
3710
4222
5246
6270
611
1635
2659
3683
4707
5731
6243
6755
7779
564
1588
2612
3124
3636
4148
5172
6196
6708
7220
1168
2192
3216
4240
5264
5776
6288
6800
7312
1408
2432
3456
4480
5504
6528
7552
1761
2785
3809
4833
5857
6881
7393
7905
8929
1329
2353
3377
3889
4401
5425
6449
7473
7985
8497
9521
10033
10545
11057
12081
12593
1501
2525
3549
4573
5085
5597
6109
6621
7133
7645
8669
1502
2526
3550
4062
4574
5086
5598
6110
6622
7134
7646
8158
554
1578
2602
3626
4138
4650
5162
5674
6186
6698
7722
8746
1105
1617
2641
3665
4689
5201
5713
6225
6737
7761
8273
8785
9297
9809
10833
11345
12369
539
1051
1563
2587
3099
3611
4123
4635
5147
6171
6683
7195
7707
8219
531
1043
1555
2067
2579
3603
4115
4627
5651
6163
6675
7187
7699
8211
555
1067
1579
2091
2603
3115
3627
4139
5163
6187
6699
7211
7723
8235
567
1079
1591
2103
2615
3127
3639
4151
4663
5687
6711
7735
8759
9271
9783
10295
10807
11319
12343
540
1052
1564
2076
2588
3100
3612
4636
5660
6172
6684
7196
7708
8220
550
1062
2086
3110
3622
4134
5158
5670
6182
6694
7206
7718
8230
526
1038
2062
3086
3598
4110
4622
5134
5646
6158
6670
7694
8718
1559
2583
3607
4119
4631
5655
6679
7703
8215
8727
9239
10263
10775
11287
11799
1056
1568
2592
3616
4640
5664
6688
667
1691
2203
2715
3227
3739
4763
5787
1526
2038
2550
3062
4086
5110
6134
1184
2208
3232
4256
5280
1507
2531
3555
4579
5603
6115
939
1451
1963
2987
4011
4523
5035
5547
6059
6571
893
1917
2941
3965
4989
1276
2300
3324
4348
5372
1391
1903
2415
2927
3951
4463
4975
600
1112
1624
2136
2648
3160
4184
4696
5208
6232
1579
2603
3627
4139
4651
5163
5675
952
1464
1976
2488
3000
3512
4536
5560
6584
7608
8120
8632
9656
10680
11704
1643
2667
3691
4203
4715
5227
5739
6251
604
1116
1628
2140
2652
3164
3676
4188
5212
5724
6236
648
1160
2184
2696
3208
3720
4744
5256
6280
679
1703
2215
2727
3239
3751
4263
4775
5799
6823
1111
1623
2135
2647
3671
4695
5719
6743
1124
1636
2148
2660
3172
3684
4196
5220
6244
6756
7268
8292
8804
1407
2431
3455
3967
4479
1067
2091
2603
3115
3627
4139
5163
1072
1584
2096
2608
3120
3632
4144
4656
5168
5680
6192
6704
7728
1853
2877
3901
4925
5949
6973
7485
7997
1513
2537
3561
4073
4585
5609
6633
7657
1030
2054
2566
3078
3590
4102
5126
6150
6662
7174
8198
8710
9734
10246
591
1615
2127
2639
3151
3663
4175
4687
5711
6735
1256
1768
2280
2792
3304
3816
4328
4840
5352
688
1712
2736
3760
4272
5296
5808
677
1189
1701
2213
3237
4261
5285
2005
3029
4053
5077
620
1132
1644
2668
3180
4204
5228
6252
7276
7788
8812
9836
520
1032
1544
2568
3592
4104
4616
5128
5640
6152
846
1870
2894
3918
4430
5454
5966
1129
2153
3177
3689
4201
5225
1665
2689
3713
4225
5249
631
('120.203.25.246', 49153)
1143
1655
2167
3191
3703
4215
4727
5239
5751
6775
7287
943
1455
1967
2479
2991
3503
4015
4527
5039
5551
6063
6575
7087
7599
947
1971
2995
4019
4531
5043
6067
7091
7603
954
1466
2490
3514
4026
4538
5050
5562
6074
6586
7098
7610
975
1487
2511
3535
4047
4559
5583
6095
7119
1089
2113
3137
4161
5185
5697
6209
1108
2132
2644
3156
4180
5204
5716
6228
554
1066
1578
2090
2602
3114
3626
4138
4650
5162
5674
6186
1210
2234
2746
3258
3770
4282
4794
5306
5818
6330
1169
2193
2705
3217
3729
4241
4753
5777
6289
1143
2167
2679
3191
4215
5239
6263
1149
2173
3197
3709
4733
5757
6269
593
1617
2129
2641
3153
3665
4177
4689
5713
6737
7249
7761
8785
9809
10321
845
1869
2381
3405
3917
4941
5965
6477
779
1291
2315
2827
3339
3851
4363
4875
5899
6411
1128
2152
3176
4200
5224
6248
1518
2030
2542
3054
3566
4078
4590
5102
5614
6638
7150
7662
694
1718
2742
3766
4278
4790
5302
5814
6326
6838
7350
767
1279
1791
2815
3327
3839
4351
5375
5887
6911
7423
814
1838
2862
3886
4910
5934
6958
7470
901
1413
1925
2437
2949
3973
4485
5509
6021
6533
7045
7557
922
1946
2970
3482
3994
5018
6042
7066
7578
971
1483
1995
2507
3019
4043
4555
5067
6091
6603
7115
7627
1006
1518
2542
3054
3566
4078
4590
5614
6126
6638
7662
8686
9198
9710
10734
11246
11758
12270
12782
973
1997
3021
3533
4045
5069
6093
6605
7117
7629
995
1507
2531
3043
3555
4067
4579
5603
6115
6627
7139
7651
985
2009
2521
3033
3545
4057
4569
5081
5593
6617
7129
7641
992
1504
2528
3040
3552
4064
4576
5088
5600
6112
6624
7136
7648
1016
2040
3064
3576
4088
4600
5624
6648
7160
8184
9208
9720
10232
11256
2029
2541
3053
3565
4077
5101
5613
6125
6637
7149
1143
2167
3191
4215
5239
6263
944
1968
2480
2992
3504
4016
4528
1072
2096
3120
3632
4656
5680
721
1233
1745
2257
3281
3793
4817
5841
6865
1063
2087
2599
3111
3623
4135
4647
650
1674
2698
3210
3722
4746
5258
Exception in thread Thread-198:
Traceback (most recent call last):
  File "/usr/lib/python3.6/threading.py", line 916, in _bootstrap_inner
    self.run()
  File "/usr/lib/python3.6/threading.py", line 864, in run
    self._target(*self._args, **self._kwargs)
  File "socket_server.py", line 35, in draw_jpeg
    res=res[end_index+2:]
TypeError: unsupported operand type(s) for +: 'NoneType' and 'int'

Exception ignored in: <module 'threading' from '/usr/lib/python3.6/threading.py'>
Traceback (most recent call last):
  File "/usr/lib/python3.6/threading.py", line 1294, in _shutdown
    t.join()
  File "/usr/lib/python3.6/threading.py", line 1056, in join
    self._wait_for_tstate_lock()
  File "/usr/lib/python3.6/threading.py", line 1072, in _wait_for_tstate_lock
    elif lock.acquire(block, timeout):
KeyboardInterrupt
0.0.0.0
('120.203.25.246', 49153)
512
1024
1536
2560
3072
3584
4608
5632
6144
6656
7168
1020
1532
2556
3580
4604
5628
789
1813
2837
3349
4373
5397
5909
618
1642
2666
3690
4714
5738
6762
7786
1681
2705
3729
4753
5777
6801
647
1159
1671
2183
2695
3207
4231
5255
6279
6791
7303
7815
563
1587
2611
3635
4659
5683
6195
6707
7731
8755
1008
2032
3056
3568
4592
5616
6640
7152
8176
585
1097
1609
2633
3657
4681
5193
6217
6729
7753
8777
1028
2052
3076
3588
4100
4612
5636
6148
6660
7172
7684
8708
1578
2602
3626
4138
5162
6186
6698
7210
7722
8746
1698
2722
3746
4770
5794
6818
7842
1380
2404
3428
4452
5476
6500
7524
1356
2380
3404
4428
4940
5452
5964
6476
6988
7500
1398
2422
2934
3446
4470
5494
6518
7542
8566
9590
10102
10614
1105
2129
3153
4177
5201
6225
1106
2130
2642
3666
4178
5202
6226
6738
7250
7762
8786
1265
1777
2289
2801
3825
4337
5361
6385
6897
7921
8433
706
1730
2754
3778
4290
5314
6338
6850
7362
7874
8898
1808
2832
3856
4368
5392
6416
6928
7952
8464
679
1191
1703
2727
3751
4775
5799
6823
7335
8359
8871
1708
2732
3756
4268
5292
5804
6316
6828
7340
8364
722
1234
2258
2770
3794
4306
4818
5330
5842
6354
7378
616
0.0.0.0
('120.203.25.246', 49153)
512
1024
1536
2048
3072
3584
('120.203.25.246', 49153)
4096
4608
5120
5632
6144
6656
7168
7680
8192
9216
9728
10240
10752
11264
11776
557
1069
1581
2093
2605
3117
3629
4141
4653
652
1676
2188
3212
3724
4748
5772
6796
7820
8332
696
1208
2232
3256
3768
4280
4792
582
1094
1606
2118
2630
3142
3654
4166
4678
746
1258
1770
2794
3818
4330
4842
5354
5866
6378
6890
1106
2130
2642
3154
3666
4178
4690
5714
6738
7250
7762
8274
8786
9298
9810
848
1360
2384
3408
3920
4432
4944
5968
6480
6992
7504
8016
8528
9040
1353
2377
2889
3401
4425
4937
962
1986
3010
4034
5058
5570
649
1673
2185
3209
3721
4233
540
1052
1564
2076
2588
3100
3612
4124
4636
1023
1535
2047
2559
3071
3583
4095
4607
5119
668
1180
1692
2716
3740
4252
5276
5788
1160
1672
2696
3208
4232
5256
5768
680
1192
1704
2216
2728
3240
3752
4264
4776
5288
5800
6312
6824
7336
7848
689
1201
1713
2225
2737
3249
3761
4273
4785
5297
5809
6321
910
1422
2446
2958
3470
3982
4494
5006
5518
6030
6542
1259
2283
2795
3307
3819
4331
4843
5355
1096
1608
2632
3144
4168
4680
821
1845
2869
3381
3893
4405
4917
5429
775
1799
2311
3335
3847
4359
5383
903
1415
2439
3463
3975
4487
4999
5511
6023
669
1693
2717
3229
3741
4253
5277
5789
6301
6813
582
1094
1606
2118
2630
3142
3654
4166
4678
5190
5702
6214
6726
7750
8262
681
1193
1705
2217
3241
3753
4265
4777
5289
1002
1514
2538
3562
4074
4586
5610
6122
6634
7146
7658
8170
1466
1978
3002
3514
4026
5050
5562
631
1143
1655
2679
3191
3703
4727
5239
5751
6263
6775
7799
8311
917
1941
2453
3477
3989
4501
5013
5525
6037
6549
7061
7573
8085
8597
798
1822
2334
2846
3358
3870
4382
5406
6430
7454
7966
8478
1162
1674
2698
3210
3722
4746
5258
5770
6282
6794
7818
8330
1323
2347
2859
3371
3883
4907
5931
6443
7467
7979
685
1197
1709
2733
3757
4781
5805
6317
6829
7853
8365
8877
926
1950
2462
3486
3998
5022
5534
6046
6558
7582
8094
8606
1096
1608
2120
2632
3144
3656
4680
5192
5704
6216
7240
7752
8264
1075
1587
2099
2611
3123
3635
4147
4659
5171
5683
6195
6707
7219
7731
8243
579
1091
1603
2627
3139
3651
4675
5699
6211
6723
7747
8259
1346
2370
2882
3394
4418
5442
6466
7490
8514
950
1462
2486
3510
4022
5046
6070
6582
7094
7606
8118
592
1616
2640
3152
3664
4176
5200
5712
6224
6736
7248
8272
8784
1061
2085
2597
3109
4133
4645
5669
6181
6693
7205
7717
8741
804
1316
2340
3364
3876
4388
4900
5412
5924
6436
6948
7460
8484
9508
821
1845
2869
3893
4917
5941
6453
6965
7477
7989
8501
9525
808
1832
2344
3368
3880
4904
5928
6440
6952
7976
8488
9512
788
1812
2324
2836
3348
3860
4884
5396
5908
6420
6932
7956
8468
531
1555
2579
3603
4115
5139
5651
6675
7699
8211
8723
9235
10259
10771
11795
12819
13331
13843
14867
1943
2455
2967
3479
3991
4503
5527
6551
7063
7575
8599
9111
9623
872
1384
1896
2920
3432
3944
4968
5480
6504
838
1350
1862
2886
3398
3910
4934
5446
5958
6470
6982
7494
8518
675
1699
2211
3235
3747
4259
4771
5283
5795
6307
7331
7843
8867
9379
9891
1355
1867
2379
2891
3403
3915
4427
1032
2056
3080
3592
4616
5128
5640
6152
6664
7176
939
1963
2987
3499
4011
5035
993
2017
3041
3553
4065
4577
5089
1534
2558
3070
3582
4094
4606
1280
1792
2304
2816
3840
4864
920
1944
2968
3992
5016
5528
1020
2044
3068
4092
4604
573
1597
2621
3133
3645
4669
5181
857
1881
2393
3417
4441
4953
759
1271
2295
3319
3831
4343
4855
5879
1014
2038
2550
3062
3574
4086
5110
5622
6646
7158
8182
1841
2865
3889
4401
4913
5937
1633
2657
3169
3681
4193
5217
613
1637
2661
3685
4197
4709
1030
2054
3078
4102
5126
1830
2854
3878
4390
5414
5926
6438
6950
7974
8486
8998
9510
976
1488
2512
3024
3536
4048
4560
5584
6608
7120
7632
8144
9168
1473
2497
3521
4033
5057
6081
6593
7105
607
1631
2655
3679
4191
4703
5215
6239
6751
7263
7775
8287
8799
714
1738
2762
3274
4298
5322
6346
7370
8394
8906
9418
10442
10954
11466
11978
994
2018
3042
3554
4066
5090
6114
6626
7138
7650
8162
9186
9698
747
1259
2283
2795
3307
3819
4331
4843
5867
6379
6891
7403
7915
8939
9963
1269
2293
3317
3829
4341
4853
5877
6389
7413
8437
8949
9461
9973
10485
11509
12021
13045
14069
14581
15093
15605
16117
16629
17141
17653
761
1273
2297
3321
3833
4345
596
1620
2644
3156
3668
4180
4692
5716
6228
6740
7252
7764
8276
8788
9300
852
1364
2388
3412
3924
4436
5460
6484
6996
7508
8020
8532
9556
768
1280
2304
2816
3840
4352
4864
5888
6400
6912
7424
815
1839
2863
3887
4399
5423
5935
6447
658
1682
2706
3730
4242
4754
1027
1539
2563
3075
4099
5123
6147
7171
8195
582
1606
2630
3142
3654
4678
5702
6214
6726
726
1238
1750
2774
3286
3798
4310
5334
5846
6358
6870
7382
8406
8918
874
1386
1898
2922
3434
3946
4458
4970
5994
6506
7018
7530
8042
8554
9578
1273
2297
3321
3833
4345
5369
5881
6905
7417
7929
8953
9465
9977
1519
2543
3055
3567
4079
5103
6127
6639
7151
7663
8687
9711
969
1993
3017
3529
4041
5065
5577
Traceback (most recent call last):
  File "socket_client.py", line 71, in <module>
    ReceiveData()
  File "socket_client.py", line 51, in ReceiveData
    rs, ws, es = select.select(inputs, [], [])
KeyboardInterrupt
